# JRE version: OpenJDK Runtime Environment (17.0.7) (build 17.0.7+0-b2043.56-10550314)
# Java VM: OpenJDK 64-Bit Server VM (17.0.7+0-b2043.56-10550314, mixed mode, tiered, compressed oops, compressed class ptrs, g1 gc, windows-amd64)
GC Precious Log:
 CPUs: 4 total, 4 available
 Memory: 3522M
 Large Page Support: Disabled
 NUMA Support: Disabled
 Compressed Oops: Enabled (32-bit)
 Heap Region Size: 1M
 Heap Min Capacity: 8M
 Heap Initial Capacity: 56M
 Heap Max Capacity: 2G
 Pre-touch: Disabled
 Parallel Workers: 4
 Concurrent Workers: 1
 Concurrent Refinement Workers: 4
 Periodic GC: Disabled
Heap:
 garbage-first heap   total 291840K, used 168412K [0x0000000080000000, 0x0000000100000000)
  region size 1024K, 30 young (30720K), 1 survivors (1024K)
 Metaspace       used 126210K, committed 127040K, reserved 1179648K
  class space    used 16815K, committed 17216K, reserved 1048576K
GC Heap History (20 events):
Event: 178.366 GC heap before
{Heap before GC invocations=84 (full 0):
 garbage-first heap   total 230400K, used 198243K [0x0000000080000000, 0x0000000100000000)
  region size 1024K, 60 young (61440K), 3 survivors (3072K)
 Metaspace       used 111875K, committed 112704K, reserved 1179648K
  class space    used 14824K, committed 15232K, reserved 1048576K
}
Event: 178.534 GC heap after
{Heap after GC invocations=85 (full 0):
 garbage-first heap   total 230400K, used 147305K [0x0000000080000000, 0x0000000100000000)
  region size 1024K, 8 young (8192K), 8 survivors (8192K)
 Metaspace       used 111875K, committed 112704K, reserved 1179648K
  class space    used 14824K, committed 15232K, reserved 1048576K
}
Event: 180.561 GC heap before
{Heap before GC invocations=85 (full 0):
 garbage-first heap   total 230400K, used 167785K [0x0000000080000000, 0x0000000100000000)
  region size 1024K, 29 young (29696K), 8 survivors (8192K)
 Metaspace       used 114075K, committed 114816K, reserved 1179648K
  class space    used 15114K, committed 15488K, reserved 1048576K
}
Event: 180.660 GC heap after
{Heap after GC invocations=86 (full 0):
 garbage-first heap   total 230400K, used 149664K [0x0000000080000000, 0x0000000100000000)
  region size 1024K, 3 young (3072K), 3 survivors (3072K)
 Metaspace       used 114075K, committed 114816K, reserved 1179648K
  class space    used 15114K, committed 15488K, reserved 1048576K
}
Event: 187.019 GC heap before
{Heap before GC invocations=87 (full 0):
 garbage-first heap   total 242688K, used 174240K [0x0000000080000000, 0x0000000100000000)
  region size 1024K, 48 young (49152K), 3 survivors (3072K)
 Metaspace       used 115223K, committed 115968K, reserved 1179648K
  class space    used 15303K, committed 15680K, reserved 1048576K
}
Event: 187.095 GC heap after
{Heap after GC invocations=88 (full 0):
 garbage-first heap   total 242688K, used 135953K [0x0000000080000000, 0x0000000100000000)
  region size 1024K, 6 young (6144K), 6 survivors (6144K)
 Metaspace       used 115223K, committed 115968K, reserved 1179648K
  class space    used 15303K, committed 15680K, reserved 1048576K
}
Event: 187.248 GC heap before
{Heap before GC invocations=88 (full 0):
 garbage-first heap   total 242688K, used 141073K [0x0000000080000000, 0x0000000100000000)
  region size 1024K, 11 young (11264K), 6 survivors (6144K)
 Metaspace       used 115376K, committed 116160K, reserved 1179648K
  class space    used 15323K, committed 15744K, reserved 1048576K
}
Event: 187.302 GC heap after
{Heap after GC invocations=89 (full 0):
 garbage-first heap   total 291840K, used 120799K [0x0000000080000000, 0x0000000100000000)
  region size 1024K, 2 young (2048K), 2 survivors (2048K)
 Metaspace       used 115376K, committed 116160K, reserved 1179648K
  class space    used 15323K, committed 15744K, reserved 1048576K
}
Event: 193.823 GC heap before
{Heap before GC invocations=89 (full 0):
 garbage-first heap   total 291840K, used 231391K [0x0000000080000000, 0x0000000100000000)
  region size 1024K, 110 young (112640K), 2 survivors (2048K)
 Metaspace       used 118741K, committed 119616K, reserved 1179648K
  class space    used 15760K, committed 16192K, reserved 1048576K
}
Event: 194.320 GC heap after
{Heap after GC invocations=90 (full 0):
 garbage-first heap   total 291840K, used 132513K [0x0000000080000000, 0x0000000100000000)
  region size 1024K, 14 young (14336K), 14 survivors (14336K)
 Metaspace       used 118741K, committed 119616K, reserved 1179648K
  class space    used 15760K, committed 16192K, reserved 1048576K
}
Event: 199.237 GC heap before
{Heap before GC invocations=90 (full 0):
 garbage-first heap   total 291840K, used 143777K [0x0000000080000000, 0x0000000100000000)
  region size 1024K, 25 young (25600K), 14 survivors (14336K)
 Metaspace       used 119114K, committed 120000K, reserved 1179648K
  class space    used 15835K, committed 16256K, reserved 1048576K
}
Event: 199.456 GC heap after
{Heap after GC invocations=91 (full 0):
 garbage-first heap   total 291840K, used 133956K [0x0000000080000000, 0x0000000100000000)
  region size 1024K, 2 young (2048K), 2 survivors (2048K)
 Metaspace       used 119114K, committed 120000K, reserved 1179648K
  class space    used 15835K, committed 16256K, reserved 1048576K
}
Event: 205.750 GC heap before
{Heap before GC invocations=92 (full 0):
 garbage-first heap   total 291840K, used 186180K [0x0000000080000000, 0x0000000100000000)
  region size 1024K, 54 young (55296K), 2 survivors (2048K)
 Metaspace       used 122037K, committed 122880K, reserved 1179648K
  class space    used 16307K, committed 16704K, reserved 1048576K
}
Event: 205.839 GC heap after
{Heap after GC invocations=93 (full 0):
 garbage-first heap   total 291840K, used 138600K [0x0000000080000000, 0x0000000100000000)
  region size 1024K, 7 young (7168K), 7 survivors (7168K)
 Metaspace       used 122037K, committed 122880K, reserved 1179648K
  class space    used 16307K, committed 16704K, reserved 1048576K
}
Event: 206.565 GC heap before
{Heap before GC invocations=93 (full 0):
 garbage-first heap   total 291840K, used 145768K [0x0000000080000000, 0x0000000100000000)
  region size 1024K, 14 young (14336K), 7 survivors (7168K)
 Metaspace       used 122108K, committed 122944K, reserved 1179648K
  class space    used 16315K, committed 16704K, reserved 1048576K
}
Event: 206.657 GC heap after
{Heap after GC invocations=94 (full 0):
 garbage-first heap   total 291840K, used 136983K [0x0000000080000000, 0x0000000100000000)
  region size 1024K, 2 young (2048K), 2 survivors (2048K)
 Metaspace       used 122108K, committed 122944K, reserved 1179648K
  class space    used 16315K, committed 16704K, reserved 1048576K
}
Event: 226.933 GC heap before
{Heap before GC invocations=94 (full 0):
 garbage-first heap   total 291840K, used 224023K [0x0000000080000000, 0x0000000100000000)
  region size 1024K, 88 young (90112K), 2 survivors (2048K)
 Metaspace       used 125182K, committed 126016K, reserved 1179648K
  class space    used 16682K, committed 17088K, reserved 1048576K
}
Event: 227.216 GC heap after
{Heap after GC invocations=95 (full 0):
 garbage-first heap   total 291840K, used 139162K [0x0000000080000000, 0x0000000100000000)
  region size 1024K, 4 young (4096K), 4 survivors (4096K)
 Metaspace       used 125182K, committed 126016K, reserved 1179648K
  class space    used 16682K, committed 17088K, reserved 1048576K
}
Event: 234.088 GC heap before
{Heap before GC invocations=95 (full 0):
 garbage-first heap   total 291840K, used 162714K [0x0000000080000000, 0x0000000100000000)
  region size 1024K, 27 young (27648K), 4 survivors (4096K)
 Metaspace       used 125673K, committed 126464K, reserved 1179648K
  class space    used 16746K, committed 17152K, reserved 1048576K
}
Event: 234.136 GC heap after
{Heap after GC invocations=96 (full 0):
 garbage-first heap   total 291840K, used 139740K [0x0000000080000000, 0x0000000100000000)
  region size 1024K, 1 young (1024K), 1 survivors (1024K)
 Metaspace       used 125673K, committed 126464K, reserved 1179648K
  class space    used 16746K, committed 17152K, reserved 1048576K
}

